<?xml version="1.0" encoding="UTF-8"?>

<mule xmlns:xsi="http://www.w3.org/2001/XMLSchema-instance"
	xmlns:munit="http://www.mulesoft.org/schema/mule/munit" xmlns:munit-tools="http://www.mulesoft.org/schema/mule/munit-tools"
	xmlns="http://www.mulesoft.org/schema/mule/core" xmlns:doc="http://www.mulesoft.org/schema/mule/documentation"
	xsi:schemaLocation="
		http://www.mulesoft.org/schema/mule/core http://www.mulesoft.org/schema/mule/core/current/mule.xsd
		http://www.mulesoft.org/schema/mule/munit http://www.mulesoft.org/schema/mule/munit/current/mule-munit.xsd
		http://www.mulesoft.org/schema/mule/munit-tools  http://www.mulesoft.org/schema/mule/munit-tools/current/mule-munit-tools.xsd">
	<munit:config name="test-suite.xml-1.xml" />
	<munit:test name="testFlow-test-1" doc:id="7593617e-578e-4b31-903d-88de78c2c7a9" >
		<munit:behavior >
			<munit-tools:mock-when doc:name="Mock Set Payload" doc:id="e5b22ea1-0bfb-4405-a767-4d5f90c83100" processor="set-payload">
				<munit-tools:with-attributes >
					<munit-tools:with-attribute whereValue="6f596056-0a90-4469-b66d-6f1db762ae0b" attributeName="doc:id" />
				</munit-tools:with-attributes>
				<munit-tools:then-return >
					<munit-tools:payload value="#[output application/java --- readUrl('classpath://testFlowtest1\mock_payload.dwl')]" mediaType="application/java" encoding="UTF-8" />
				</munit-tools:then-return>
			</munit-tools:mock-when>
			<munit-tools:mock-when doc:name="Mock Select" doc:id="9d30b1af-354f-4705-b9c7-ed213b0c6357" processor="db:select">
				<munit-tools:with-attributes >
					<munit-tools:with-attribute whereValue="84255729-26b5-4e6d-8171-053aeb44d8e4" attributeName="doc:id" />
				</munit-tools:with-attributes>
				<munit-tools:then-return >
					<munit-tools:payload value="#[output application/java --- readUrl('classpath://testFlowtest1\mock_payload1.dwl')]" mediaType="application/java" encoding="UTF-8" />
				</munit-tools:then-return>
			</munit-tools:mock-when>
			<munit:set-event doc:name="Set Input" doc:id="70b527a7-fb5d-4cb0-9d84-fb79894bf35a" >
				<munit:payload value="#[readUrl('classpath://testFlowtest1\set-event_payload.dwl')]" encoding="UTF-8" />
				<munit:attributes value="#[readUrl('classpath://testFlowtest1\set-event_attributes.dwl')]" />
			</munit:set-event>
		</munit:behavior>
		<munit:execution >
			<flow-ref doc:name="Flow-ref to testFlow" doc:id="c1382b3a-e18f-4495-9c62-d8b228c5c5c7" name="testFlow"/>
		</munit:execution>
		<munit:validation >
			<munit-tools:assert doc:name="Assert payload" doc:id="784497fe-5383-4ef0-a072-276b3ebd5e20" message="The payload does not match">
				<munit-tools:that ><![CDATA[#[%dw 2.0
import testFlowtest1::assert_expression_payload
---
assert_expression_payload::main({payload: payload, attributes: attributes, vars: vars})]]]></munit-tools:that>
			</munit-tools:assert>
		</munit:validation>
	</munit:test>


</mule>
